<?xml version="1.0" encoding="UTF-8"?>
<testng-results ignored="0" total="9" passed="9" failed="0" skipped="0">
  <reporter-output>
  </reporter-output>
  <suite started-at="2024-05-13T23:50:18 GMT" name="vendor-portal" finished-at="2024-05-13T23:50:26 GMT" duration-ms="8596">
    <groups>
    </groups>
    <test started-at="2024-05-13T23:50:18 GMT" name="user-sam" finished-at="2024-05-13T23:50:24 GMT" duration-ms="6305">
      <class name="com.DockAuto.tests.vendorportal.VendorPortalTest">
        <test-method is-config="true" signature="setDriver(org.testng.ITestContext)[pri:0, instance:com.DockAuto.tests.vendorportal.VendorPortalTest@7e5afaa6]" started-at="2024-05-13T23:50:18 GMT" name="setDriver" finished-at="2024-05-13T23:50:19 GMT" duration-ms="1804" status="PASS">
          <params>
            <param index="0">
              <value>
                <![CDATA[org.testng.TestRunner@4b29d1d2]]>
              </value>
            </param>
          </params>
          <reporter-output>
          </reporter-output>
        </test-method> <!-- setDriver -->
        <test-method is-config="true" signature="setPageObjects(java.lang.String)[pri:0, instance:com.DockAuto.tests.vendorportal.VendorPortalTest@7e5afaa6]" started-at="2024-05-13T23:50:19 GMT" name="setPageObjects" finished-at="2024-05-13T23:50:20 GMT" depends-on-methods="com.DockAuto.tests.AbstractTest.setDriver" duration-ms="278" status="PASS">
          <params>
            <param index="0">
              <value>
                <![CDATA[test-data/vendor-portal/sam.json]]>
              </value>
            </param>
          </params>
          <reporter-output>
          </reporter-output>
        </test-method> <!-- setPageObjects -->
        <test-method signature="loginTest()[pri:0, instance:com.DockAuto.tests.vendorportal.VendorPortalTest@7e5afaa6]" started-at="2024-05-13T23:50:20 GMT" name="loginTest" finished-at="2024-05-13T23:50:21 GMT" duration-ms="1620" status="PASS">
          <reporter-output>
          </reporter-output>
        </test-method> <!-- loginTest -->
        <test-method signature="dashBoardTest()[pri:0, instance:com.DockAuto.tests.vendorportal.VendorPortalTest@7e5afaa6]" started-at="2024-05-13T23:50:21 GMT" name="dashBoardTest" finished-at="2024-05-13T23:50:23 GMT" depends-on-methods="com.DockAuto.tests.vendorportal.VendorPortalTest.loginTest" duration-ms="1261" status="PASS">
          <reporter-output>
          </reporter-output>
        </test-method> <!-- dashBoardTest -->
        <test-method signature="logout()[pri:0, instance:com.DockAuto.tests.vendorportal.VendorPortalTest@7e5afaa6]" started-at="2024-05-13T23:50:23 GMT" name="logout" finished-at="2024-05-13T23:50:24 GMT" depends-on-methods="com.DockAuto.tests.vendorportal.VendorPortalTest.dashBoardTest" duration-ms="1212" status="PASS">
          <reporter-output>
          </reporter-output>
        </test-method> <!-- logout -->
        <test-method is-config="true" signature="tearDown()[pri:0, instance:com.DockAuto.tests.vendorportal.VendorPortalTest@7e5afaa6]" started-at="2024-05-13T23:50:24 GMT" name="tearDown" finished-at="2024-05-13T23:50:24 GMT" duration-ms="91" status="PASS">
          <reporter-output>
          </reporter-output>
        </test-method> <!-- tearDown -->
      </class> <!-- com.DockAuto.tests.vendorportal.VendorPortalTest -->
    </test> <!-- user-sam -->
    <test started-at="2024-05-13T23:50:18 GMT" name="user-mike" finished-at="2024-05-13T23:50:25 GMT" duration-ms="7455">
      <class name="com.DockAuto.tests.vendorportal.VendorPortalTest">
        <test-method is-config="true" signature="setDriver(org.testng.ITestContext)[pri:0, instance:com.DockAuto.tests.vendorportal.VendorPortalTest@74751b3]" started-at="2024-05-13T23:50:18 GMT" name="setDriver" finished-at="2024-05-13T23:50:19 GMT" duration-ms="1804" status="PASS">
          <params>
            <param index="0">
              <value>
                <![CDATA[org.testng.TestRunner@7f485fda]]>
              </value>
            </param>
          </params>
          <reporter-output>
          </reporter-output>
        </test-method> <!-- setDriver -->
        <test-method is-config="true" signature="setPageObjects(java.lang.String)[pri:0, instance:com.DockAuto.tests.vendorportal.VendorPortalTest@74751b3]" started-at="2024-05-13T23:50:19 GMT" name="setPageObjects" finished-at="2024-05-13T23:50:20 GMT" depends-on-methods="com.DockAuto.tests.AbstractTest.setDriver" duration-ms="278" status="PASS">
          <params>
            <param index="0">
              <value>
                <![CDATA[test-data/vendor-portal/mike.json]]>
              </value>
            </param>
          </params>
          <reporter-output>
          </reporter-output>
        </test-method> <!-- setPageObjects -->
        <test-method signature="loginTest()[pri:0, instance:com.DockAuto.tests.vendorportal.VendorPortalTest@74751b3]" started-at="2024-05-13T23:50:20 GMT" name="loginTest" finished-at="2024-05-13T23:50:21 GMT" duration-ms="1624" status="PASS">
          <reporter-output>
          </reporter-output>
        </test-method> <!-- loginTest -->
        <test-method signature="dashBoardTest()[pri:0, instance:com.DockAuto.tests.vendorportal.VendorPortalTest@74751b3]" started-at="2024-05-13T23:50:21 GMT" name="dashBoardTest" finished-at="2024-05-13T23:50:23 GMT" depends-on-methods="com.DockAuto.tests.vendorportal.VendorPortalTest.loginTest" duration-ms="1888" status="PASS">
          <reporter-output>
          </reporter-output>
        </test-method> <!-- dashBoardTest -->
        <test-method signature="logout()[pri:0, instance:com.DockAuto.tests.vendorportal.VendorPortalTest@74751b3]" started-at="2024-05-13T23:50:23 GMT" name="logout" finished-at="2024-05-13T23:50:25 GMT" depends-on-methods="com.DockAuto.tests.vendorportal.VendorPortalTest.dashBoardTest" duration-ms="1738" status="PASS">
          <reporter-output>
          </reporter-output>
        </test-method> <!-- logout -->
        <test-method is-config="true" signature="tearDown()[pri:0, instance:com.DockAuto.tests.vendorportal.VendorPortalTest@74751b3]" started-at="2024-05-13T23:50:25 GMT" name="tearDown" finished-at="2024-05-13T23:50:25 GMT" duration-ms="90" status="PASS">
          <reporter-output>
          </reporter-output>
        </test-method> <!-- tearDown -->
      </class> <!-- com.DockAuto.tests.vendorportal.VendorPortalTest -->
    </test> <!-- user-mike -->
    <test started-at="2024-05-13T23:50:18 GMT" name="user-john" finished-at="2024-05-13T23:50:26 GMT" duration-ms="8595">
      <class name="com.DockAuto.tests.vendorportal.VendorPortalTest">
        <test-method is-config="true" signature="setupConfig()[pri:0, instance:com.DockAuto.tests.vendorportal.VendorPortalTest@306e95ec]" started-at="2024-05-13T23:50:17 GMT" name="setupConfig" finished-at="2024-05-13T23:50:17 GMT" duration-ms="13" status="PASS">
          <reporter-output>
          </reporter-output>
        </test-method> <!-- setupConfig -->
        <test-method is-config="true" signature="setDriver(org.testng.ITestContext)[pri:0, instance:com.DockAuto.tests.vendorportal.VendorPortalTest@306e95ec]" started-at="2024-05-13T23:50:18 GMT" name="setDriver" finished-at="2024-05-13T23:50:19 GMT" duration-ms="1804" status="PASS">
          <params>
            <param index="0">
              <value>
                <![CDATA[org.testng.TestRunner@28261e8e]]>
              </value>
            </param>
          </params>
          <reporter-output>
          </reporter-output>
        </test-method> <!-- setDriver -->
        <test-method is-config="true" signature="setPageObjects(java.lang.String)[pri:0, instance:com.DockAuto.tests.vendorportal.VendorPortalTest@306e95ec]" started-at="2024-05-13T23:50:19 GMT" name="setPageObjects" finished-at="2024-05-13T23:50:20 GMT" depends-on-methods="com.DockAuto.tests.AbstractTest.setDriver" duration-ms="277" status="PASS">
          <params>
            <param index="0">
              <value>
                <![CDATA[test-data/vendor-portal/john.json]]>
              </value>
            </param>
          </params>
          <reporter-output>
          </reporter-output>
        </test-method> <!-- setPageObjects -->
        <test-method signature="loginTest()[pri:0, instance:com.DockAuto.tests.vendorportal.VendorPortalTest@306e95ec]" started-at="2024-05-13T23:50:20 GMT" name="loginTest" finished-at="2024-05-13T23:50:21 GMT" duration-ms="1625" status="PASS">
          <reporter-output>
          </reporter-output>
        </test-method> <!-- loginTest -->
        <test-method signature="dashBoardTest()[pri:0, instance:com.DockAuto.tests.vendorportal.VendorPortalTest@306e95ec]" started-at="2024-05-13T23:50:21 GMT" name="dashBoardTest" finished-at="2024-05-13T23:50:24 GMT" depends-on-methods="com.DockAuto.tests.vendorportal.VendorPortalTest.loginTest" duration-ms="2982" status="PASS">
          <reporter-output>
          </reporter-output>
        </test-method> <!-- dashBoardTest -->
        <test-method signature="logout()[pri:0, instance:com.DockAuto.tests.vendorportal.VendorPortalTest@306e95ec]" started-at="2024-05-13T23:50:24 GMT" name="logout" finished-at="2024-05-13T23:50:26 GMT" depends-on-methods="com.DockAuto.tests.vendorportal.VendorPortalTest.dashBoardTest" duration-ms="1786" status="PASS">
          <reporter-output>
          </reporter-output>
        </test-method> <!-- logout -->
        <test-method is-config="true" signature="tearDown()[pri:0, instance:com.DockAuto.tests.vendorportal.VendorPortalTest@306e95ec]" started-at="2024-05-13T23:50:26 GMT" name="tearDown" finished-at="2024-05-13T23:50:26 GMT" duration-ms="85" status="PASS">
          <reporter-output>
          </reporter-output>
        </test-method> <!-- tearDown -->
      </class> <!-- com.DockAuto.tests.vendorportal.VendorPortalTest -->
    </test> <!-- user-john -->
  </suite> <!-- vendor-portal -->
</testng-results>
